<?xml version="1.0" encoding="UTF-8"?>
<!-- Generated by org.testng.reporters.JUnitXMLReporter -->
<testsuite ignored="0" hostname="DESKTOP-CM64HAN" failures="0" tests="9" name="Default test" time="15.214" errors="0" timestamp="2023-06-14T14:39:52 IST">
  <testcase classname="api.test.Usermodel_datadriven" name="testCreateUser" time="3.398"/>
  <testcase classname="api.test.Usermodel_datadriven" name="testCreateUser" time="1.352"/>
  <testcase classname="api.test.Usermodel_datadriven" name="testCreateUser" time="1.276"/>
  <testcase classname="api.test.Usermodel_datadriven" name="testGetUser" time="1.311"/>
  <testcase classname="api.test.Usermodel_datadriven" name="testGetUser" time="1.258"/>
  <testcase classname="api.test.Usermodel_datadriven" name="testGetUser" time="1.33"/>
  <testcase classname="api.test.Usermodel_datadriven" name="testDeleteUser" time="1.276"/>
  <testcase classname="api.test.Usermodel_datadriven" name="testDeleteUser" time="1.346"/>
  <testcase classname="api.test.Usermodel_datadriven" name="testDeleteUser" time="1.289"/>
</testsuite> <!-- Default test -->
