<?xml version="1.0" encoding="UTF-8"?>
<!-- Generated by org.testng.reporters.JUnitXMLReporter -->
<testsuite ignored="0" hostname="DESKTOP-CM64HAN" failures="0" tests="4" name="Test" time="8.779" errors="0" timestamp="2023-06-15T15:31:19 IST">
  <testcase classname="api.test.Url_Usermodeltest" name="testCreateUser" time="2.914"/>
  <testcase classname="api.test.Url_Usermodeltest" name="testGetUser" time="1.238"/>
  <testcase classname="api.test.Url_Usermodeltest" name="testUpdatUser" time="2.387"/>
  <testcase classname="api.test.Url_Usermodeltest" name="testDeleteUser" time="1.154"/>
</testsuite> <!-- Test -->
