<?xml version="1.0" encoding="UTF-8"?>
<!-- Generated by org.testng.reporters.JUnitXMLReporter -->
<testsuite ignored="0" hostname="DESKTOP-CM64HAN" failures="0" tests="4" name="Test" time="14.485" errors="0" timestamp="2023-06-15T21:54:27 IST">
  <testcase classname="api.test.Usermodel_Test" name="testCreateUser" time="6.704"/>
  <testcase classname="api.test.Usermodel_Test" name="testGetUser" time="1.217"/>
  <testcase classname="api.test.Usermodel_Test" name="testUpdatUser" time="2.309"/>
  <testcase classname="api.test.Usermodel_Test" name="testDeleteUser" time="1.144"/>
</testsuite> <!-- Test -->
