<?xml version="1.0" encoding="UTF-8"?>
<!-- Generated by org.testng.reporters.JUnitXMLReporter -->
<testsuite ignored="0" hostname="DESKTOP-CM64HAN" failures="0" tests="4" name="Test" time="16.905" errors="0" timestamp="2023-06-15T21:45:08 IST">
  <testcase classname="api.test.Usermodel_Test" name="testCreateUser" time="7.176"/>
  <testcase classname="api.test.Usermodel_Test" name="testGetUser" time="1.187"/>
  <testcase classname="api.test.Usermodel_Test" name="testUpdatUser" time="2.505"/>
  <testcase classname="api.test.Usermodel_Test" name="testDeleteUser" time="1.184"/>
</testsuite> <!-- Test -->
