<?xml version="1.0" encoding="UTF-8"?>
<testsuite xmlns:xsi="http://www.w3.org/2001/XMLSchema-instance" xsi:schemaLocation="https://maven.apache.org/surefire/maven-surefire-plugin/xsd/surefire-test-report.xsd" name="TestSuite" time="20.392" tests="4" errors="0" skipped="0" failures="0">
  <properties>
[...]
</properties>
  <testcase name="testCreateUser" classname="api.test.Usermodel_Test" time="6.309"/>
  <testcase name="testGetUser" classname="api.test.Usermodel_Test" time="1.168"/>
  <testcase name="testUpdatUser" classname="api.test.Usermodel_Test" time="2.409"/>
  <testcase name="testDeleteUser" classname="api.test.Usermodel_Test" time="1.202"/>
</testsuite>