<?xml version="1.0" encoding="UTF-8"?>
<testng-results ignored="0" total="4" passed="4" failed="0" skipped="0">
  <reporter-output>
  </reporter-output>
  <suite started-at="2023-06-15T21:14:40 IST" name="Suite" finished-at="2023-06-15T21:14:58 IST" duration-ms="18192">
    <groups>
    </groups>
    <test started-at="2023-06-15T21:14:40 IST" name="Test" finished-at="2023-06-15T21:14:58 IST" duration-ms="18192">
      <class name="api.test.Usermodel_Test">
        <test-method is-config="true" signature="setDataFields()[pri:0, instance:api.test.Usermodel_Test@3d121db3]" started-at="2023-06-15T21:14:41 IST" name="setDataFields" finished-at="2023-06-15T21:14:44 IST" duration-ms="2765" status="PASS">
          <reporter-output>
          </reporter-output>
        </test-method> <!-- setDataFields -->
        <test-method signature="testCreateUser()[pri:1, instance:api.test.Usermodel_Test@3d121db3]" started-at="2023-06-15T21:14:44 IST" name="testCreateUser" finished-at="2023-06-15T21:14:53 IST" duration-ms="9001" status="PASS">
          <reporter-output>
          </reporter-output>
        </test-method> <!-- testCreateUser -->
        <test-method signature="testGetUser()[pri:2, instance:api.test.Usermodel_Test@3d121db3]" started-at="2023-06-15T21:14:53 IST" name="testGetUser" finished-at="2023-06-15T21:14:54 IST" duration-ms="1341" status="PASS">
          <reporter-output>
          </reporter-output>
        </test-method> <!-- testGetUser -->
        <test-method signature="testUpdatUser()[pri:3, instance:api.test.Usermodel_Test@3d121db3]" started-at="2023-06-15T21:14:54 IST" name="testUpdatUser" finished-at="2023-06-15T21:14:57 IST" duration-ms="2642" status="PASS">
          <reporter-output>
          </reporter-output>
        </test-method> <!-- testUpdatUser -->
        <test-method signature="testDeleteUser()[pri:4, instance:api.test.Usermodel_Test@3d121db3]" started-at="2023-06-15T21:14:57 IST" name="testDeleteUser" finished-at="2023-06-15T21:14:58 IST" duration-ms="1308" status="PASS">
          <reporter-output>
          </reporter-output>
        </test-method> <!-- testDeleteUser -->
      </class> <!-- api.test.Usermodel_Test -->
    </test> <!-- Test -->
  </suite> <!-- Suite -->
</testng-results>
