<?xml version="1.0" encoding="UTF-8"?>
<testng-results ignored="0" total="4" passed="4" failed="0" skipped="0">
  <reporter-output>
  </reporter-output>
  <suite started-at="2023-06-15T17:48:21 IST" name="Suite" finished-at="2023-06-15T17:48:35 IST" duration-ms="13670">
    <groups>
    </groups>
    <test started-at="2023-06-15T17:48:21 IST" name="Test" finished-at="2023-06-15T17:48:35 IST" duration-ms="13670">
      <class name="api.test.Usermodel_Test">
        <test-method is-config="true" signature="setDataFields()[pri:0, instance:api.test.Usermodel_Test@4145bad8]" started-at="2023-06-15T17:48:21 IST" name="setDataFields" finished-at="2023-06-15T17:48:23 IST" duration-ms="1299" status="PASS">
          <reporter-output>
          </reporter-output>
        </test-method> <!-- setDataFields -->
        <test-method signature="testCreateUser()[pri:1, instance:api.test.Usermodel_Test@4145bad8]" started-at="2023-06-15T17:48:23 IST" name="testCreateUser" finished-at="2023-06-15T17:48:29 IST" duration-ms="5980" status="PASS">
          <reporter-output>
          </reporter-output>
        </test-method> <!-- testCreateUser -->
        <test-method signature="testGetUser()[pri:2, instance:api.test.Usermodel_Test@4145bad8]" started-at="2023-06-15T17:48:29 IST" name="testGetUser" finished-at="2023-06-15T17:48:31 IST" duration-ms="2020" status="PASS">
          <reporter-output>
          </reporter-output>
        </test-method> <!-- testGetUser -->
        <test-method signature="testUpdatUser()[pri:3, instance:api.test.Usermodel_Test@4145bad8]" started-at="2023-06-15T17:48:31 IST" name="testUpdatUser" finished-at="2023-06-15T17:48:33 IST" duration-ms="2587" status="PASS">
          <reporter-output>
          </reporter-output>
        </test-method> <!-- testUpdatUser -->
        <test-method signature="testDeleteUser()[pri:4, instance:api.test.Usermodel_Test@4145bad8]" started-at="2023-06-15T17:48:33 IST" name="testDeleteUser" finished-at="2023-06-15T17:48:35 IST" duration-ms="1261" status="PASS">
          <reporter-output>
          </reporter-output>
        </test-method> <!-- testDeleteUser -->
      </class> <!-- api.test.Usermodel_Test -->
    </test> <!-- Test -->
  </suite> <!-- Suite -->
</testng-results>
