<?xml version="1.0" encoding="UTF-8"?>
<testng-results ignored="0" total="4" passed="4" failed="0" skipped="0">
  <reporter-output>
  </reporter-output>
  <suite started-at="2023-06-15T15:31:10 IST" name="Suite" finished-at="2023-06-15T15:31:19 IST" duration-ms="8779">
    <groups>
    </groups>
    <test started-at="2023-06-15T15:31:10 IST" name="Test" finished-at="2023-06-15T15:31:19 IST" duration-ms="8779">
      <class name="api.test.Url_Usermodeltest">
        <test-method is-config="true" signature="setDataFields()[pri:0, instance:api.test.Url_Usermodeltest@6cd28fa7]" started-at="2023-06-15T15:31:10 IST" name="setDataFields" finished-at="2023-06-15T15:31:11 IST" duration-ms="765" status="PASS">
          <reporter-output>
          </reporter-output>
        </test-method> <!-- setDataFields -->
        <test-method signature="testCreateUser()[pri:1, instance:api.test.Url_Usermodeltest@6cd28fa7]" started-at="2023-06-15T15:31:11 IST" name="testCreateUser" finished-at="2023-06-15T15:31:14 IST" duration-ms="2914" status="PASS">
          <reporter-output>
          </reporter-output>
        </test-method> <!-- testCreateUser -->
        <test-method signature="testGetUser()[pri:2, instance:api.test.Url_Usermodeltest@6cd28fa7]" started-at="2023-06-15T15:31:14 IST" name="testGetUser" finished-at="2023-06-15T15:31:15 IST" duration-ms="1238" status="PASS">
          <reporter-output>
          </reporter-output>
        </test-method> <!-- testGetUser -->
        <test-method signature="testUpdatUser()[pri:3, instance:api.test.Url_Usermodeltest@6cd28fa7]" started-at="2023-06-15T15:31:15 IST" name="testUpdatUser" finished-at="2023-06-15T15:31:18 IST" duration-ms="2387" status="PASS">
          <reporter-output>
          </reporter-output>
        </test-method> <!-- testUpdatUser -->
        <test-method signature="testDeleteUser()[pri:4, instance:api.test.Url_Usermodeltest@6cd28fa7]" started-at="2023-06-15T15:31:18 IST" name="testDeleteUser" finished-at="2023-06-15T15:31:19 IST" duration-ms="1154" status="PASS">
          <reporter-output>
          </reporter-output>
        </test-method> <!-- testDeleteUser -->
      </class> <!-- api.test.Url_Usermodeltest -->
    </test> <!-- Test -->
  </suite> <!-- Suite -->
</testng-results>
